<?xml version="1.0" encoding="UTF-8"?>
<robot generator="Robot 7.2.2 (Python 3.12.1 on win32)" generated="2025-02-15T14:15:49.941071" rpa="false" schemaversion="5">
<suite id="s1" name="Test Example" source="C:\Users\flame\OneDrive\เอกสาร\docker\robot_docker\robotframework\tests\test_example.robot">
<test id="s1-t1" name="Example Test" line="5">
<kw name="GET" owner="RequestsLibrary">
<msg time="2025-02-15T14:16:12.799527" level="INFO">GET Request : url=https://www.google.com/ 
 path_url=/ 
 headers={'User-Agent': 'python-requests/2.32.3', 'Accept-Encoding': 'gzip, deflate', 'Accept': '*/*', 'Connection': 'keep-alive'} 
 body=None 
 </msg>
<msg time="2025-02-15T14:16:12.799527" level="INFO">GET Response : url=https://www.google.com/ 
 status=200, reason=OK 
 headers={'Date': 'Sat, 15 Feb 2025 07:16:12 GMT', 'Expires': '-1', 'Cache-Control': 'private, max-age=0', 'Content-Type': 'text/html; charset=ISO-8859-1', 'Content-Security-Policy-Report-Only': "object-src 'none';base-uri 'self';script-src 'nonce-Z2oWkp5QfWH5W93Moze3Lw' 'strict-dynamic' 'report-sample' 'unsafe-eval' 'unsafe-inline' https: http:;report-uri https://csp.withgoogle.com/csp/gws/other-hp", 'Accept-CH': 'Sec-CH-Prefers-Color-Scheme', 'P3P': 'CP="This is not a P3P policy! See g.co/p3phelp for more info."', 'Content-Encoding': 'gzip', 'Server': 'gws', 'X-XSS-Protection': '0', 'X-Frame-Options': 'SAMEORIGIN', 'Set-Cookie': 'AEC=AVcja2dJQ5R3JN6v_z4dge-xfJaKBjWnMeSn1t7La1zi2aFBGDH3oCwEmGs; expires=Thu, 14-Aug-2025 07:16:12 GMT; path=/; domain=.google.com; Secure; HttpOnly; SameSite=lax, NID=521=AzlQW-4Qc_4DJtyEhlXMX4rD-6hNJ71wBf_VprduxLfSCwcwWJbFDUHF97T5GTlAsmm77s4BoGStukZIuGtRUO8N8CsUskpFg3m29qHdzTbYWYQxlgFGG3Kuo6gMT0FCeD-eS0Qj9XCbGCnXAsPokoPR1rPHIituWbO3MVj8MWfT2CB8iYVFXAGmn1HdwvPUd3Tza_cld5bs; expires=Sun, 17-Aug-2025 07:16:12 GMT; path=/; domain=.google.com; HttpOnly', 'Alt-Svc': 'h3=":443"; ma=2592000,h3-29=":443"; ma=2592000', 'Transfer-Encoding': 'chunked'} 
 body=&lt;!doctype html&gt;&lt;html itemscope="" itemtype="http://schema.org/WebPage" lang="th"&gt;&lt;head&gt;&lt;meta content="text/html; charset=UTF-8" http-equiv="Content-Type"&gt;&lt;meta content="/images/branding/googleg/1x/googleg_standard_color_128dp.png" itemprop="image"&gt;&lt;title&gt;Google&lt;/title&gt;&lt;script nonce="Z2oWkp5QfWH5W93Moze3Lw"&gt;(function(){var _g={kEI:'PD-wZ8eRIZy-5OUPx6Xw4Ac',kEXPI:'0,3700246,703,435,538661,2872,2891,8349,282670,142932,100064,111987,47082,30911,5241523,8835052,79,28,8,27977634,25228681,123104,15164,8182,49429,13629,8046,6749,23879,9138,4600,328,6225,24365,9945,29145,710,1346,5323,6464,1916,15634,3750,8841,1929,6782,33,9041,17667,10672,21338,2987,1501,3413,440,41,13639,1,1442,5299,2895,1211,303,20804,3074,2,1869,938,1209,4617,5773,4310,2372,1265,738,7967,10960,835,913,2,2969,6362,5443,233,3028,43,416,1075,16,548,892,35,2094,165,6,1155,714,1403,365,1275,55,807,220,1,828,218,1,2059,1719,537,3281,570,918,367,1505,1,1812,883,2737,566,523,2,1662,2,206,354,656,388,139,3,1115,1695,4,5,405,720,644,8,826,6,2611,859,333,13,362,1038,3,2,1,2,2,2,3,985,116,342,397,135,459,286,601,1036,891,11,1,1137,1882,512,93,222,800,210,22,231,294,2390,13,408,189,50,350,859,1,4,1277,689,386,383,28,362,742,22,7,58,403,228,216,79,9,1,3,364,171,1055,4,90,289,32,539,411,343,217,27,21,172,498,31,243,155,6,36,41,323,198,54,242,100,305,279,42,6,722,681,179,82,3,2,6,632,312,1312,3,1294,319,77,306,21354680,18,2013,40,2487,8,3873,12,959,1977,5,365,3942,6013037,2003827',kBL:'moUh',kOPI:89978449};(function(){var a;((a=window.google)==null?0:a.stvsc)?google.kEI=_g.kEI:window.google=_g;}).call(this);})();(function(){google.sn='webhp';google.kHL='th';})();(function(){
var g=this||self;function k(){return window.google&amp;&amp;window.google.kOPI||null};var l,m=[];function n(a){for(var b;a&amp;&amp;(!a.getAttribute||!(b=a.getAttribute("eid")));)a=a.parentNode;return b||l}function p(a){for(var b=null;a&amp;&amp;(!a.getAttribute||!(b=a.getAttribute("leid")));)a=a.parentNode;return b}function q(a){/^http:/i.test(a)&amp;&amp;window.location.protocol==="https:"&amp;&amp;(google.ml&amp;&amp;google.ml(Error("a"),!1,{src:a,glmm:1}),a="");return a}
function r(a,b,d,c,h){var e="";b.search("&amp;ei=")===-1&amp;&amp;(e="&amp;ei="+n(c),b.search("&amp;lei=")===-1&amp;&amp;(c=p(c))&amp;&amp;(e+="&amp;lei="+c));var f=b.search("&amp;cshid=")===-1&amp;&amp;a!=="slh";c="&amp;zx="+Date.now().toString();g._cshid&amp;&amp;f&amp;&amp;(c+="&amp;cshid="+g._cshid);(d=d())&amp;&amp;(c+="&amp;opi="+d);return"/"+(h||"gen_204")+"?atyp=i&amp;ct="+String(a)+"&amp;cad="+(b+e+c)};l=google.kEI;google.getEI=n;google.getLEI=p;google.ml=function(){return null};google.log=function(a,b,d,c,h,e){e=e===void 0?k:e;d||(d=r(a,b,e,c,h));if(d=q(d)){a=new Image;var f=m.length;m[f]=a;a.onerror=a.onload=a.onabort=function(){delete m[f]};a.src=d}};google.logUrl=function(a,b){b=b===void 0?k:b;return r("",a,b)};}).call(this);(function(){google.y={};google.sy=[];var d;(d=google).x||(d.x=function(a,b){if(a)var c=a.id;else{do c=Math.random();while(google.y[c])}google.y[c]=[a,b];return!1});var e;(e=google).sx||(e.sx=function(a){google.sy.push(a)});google.lm=[];var f;(f=google).plm||(f.plm=function(a){google.lm.push.apply(google.lm,a)});google.lq=[];var g;(g=google).load||(g.load=function(a,b,c){google.lq.push([[a],b,c])});var h;(h=google).loadAll||(h.loadAll=function(a,b){google.lq.push([a,b])});google.bx=!1;var k;(k=google).lx||(k.lx=function(){});var l=[],m;(m=google).fce||(m.fce=function(a,b,c,n){l.push([a,b,c,n])});google.qce=l;}).call(this);google.f={};(function(){
document.documentElement.addEventListener("submit",function(b){var a;if(a=b.target){var c=a.getAttribute("data-submitfalse");a=c==="1"||c==="q"&amp;&amp;!a.elements.q.value?!0:!1}else a=!1;a&amp;&amp;(b.preventDefault(),b.stopPropagation())},!0);document.documentElement.addEventListener("click",function(b){var a;a:{for(a=b.target;a&amp;&amp;a!==document.documentElement;a=a.parentElement)if(a.tagName==="A"){a=a.getAttribute("data-nohref")==="1";break a}a=!1}a&amp;&amp;b.preventDefault()},!0);}).call(this);&lt;/script&gt;&lt;style&gt;#gbar,#guser{font-size:13px;padding-top:1px !important;}#gbar{height:22px}#guser{padding-bottom:7px !important;text-align:right}.gbh,.gbd{border-top:1px solid #c9d7f1;font-size:1px}.gbh{height:0;position:absolute;top:24px;width:100%}@media all{.gb1{height:22px;margin-right:.5em;vertical-align:top}#gbar{float:left}}a.gb1,a.gb4{text-decoration:underline !important}a.gb1,a.gb4{color:#00c !important}.gbi .gb4{color:#dd8e27 !important}.gbf .gb4{color:#900 !important}
&lt;/style&gt;&lt;style&gt;body,td,a,p,.h{font-family:sans-serif}body{margin:0;overflow-y:scroll}#gog{padding:3px 8px 0}td{line-height:.8em}.gac_m td{line-height:17px}form{margin-bottom:20px}.h{color:#1967d2}em{color:#c5221f;font-style:normal;font-weight:normal}a em{text-decoration:underline}.lst{height:25px;width:496px}.gsfi,.lst{font:18px sans-serif}.gsfs{font:17px sans-serif}.ds{display:inline-box;display:inline-block;margin:3px 0 4px;margin-left:4px}input{font-family:inherit}body{background:#fff;color:#000}a{color:#681da8;text-decoration:none}a:hover,a:active{text-decoration:underline}.fl a{color:#1967d2}a:visited{color:#681da8}.sblc{padding-top:5px}.sblc a{display:block;margin:2px 0;margin-left:13px;font-size:11px}.lsbb{background:#f8f9fa;border:solid 1px;border-color:#dadce0 #70757a #70757a #dadce0;height:30px}.lsbb{display:block}#WqQANb a{display:inline-block;margin:0 12px}.lsb{background:url(/images/nav_logo229.png) 0 -261px repeat-x;color:#000;border:none;cursor:pointer;height:30px;margin:0;outline:0;font:15px sans-serif;vertical-align:top}.lsb:active{background:#dadce0}.lst:focus{outline:none}.Ucigb{width:458px}&lt;/style&gt;&lt;script nonce="Z2oWkp5QfWH5W93Moze3Lw"&gt;(function(){window.google.erd={jsr:1,bv:2168,de:true,dpf:'QR3FTOll4QXUaysjFWIE2zIgveOVDOYy8LNRola7iL0'};
var g=this||self;var k,l=(k=g.mei)!=null?k:1,m,p=(m=g.diel)!=null?m:0,q,r=(q=g.sdo)!=null?q:!0,t=0,u,w=google.erd,x=w.jsr;google.ml=function(a,b,d,n,e){e=e===void 0?2:e;b&amp;&amp;(u=a&amp;&amp;a.message);d===void 0&amp;&amp;(d={});d.cad="ple_"+google.ple+".aple_"+google.aple;if(google.dl)return google.dl(a,e,d,!0),null;b=d;if(x&lt;0){window.console&amp;&amp;console.error(a,b);if(x===-2)throw a;b=!1}else b=!a||!a.message||a.message==="Error loading script"||t&gt;=l&amp;&amp;!n?!1:!0;if(!b)return null;t++;d=d||{};b=encodeURIComponent;var c="/gen_204?atyp=i&amp;ei="+b(google.kEI);google.kEXPI&amp;&amp;(c+="&amp;jexpid="+b(google.kEXPI));c+="&amp;srcpg="+b(google.sn)+"&amp;jsr="+b(w.jsr)+
"&amp;bver="+b(w.bv);w.dpf&amp;&amp;(c+="&amp;dpf="+b(w.dpf));var f=a.lineNumber;f!==void 0&amp;&amp;(c+="&amp;line="+f);var h=a.fileName;h&amp;&amp;(h.indexOf("-extension:/")&gt;0&amp;&amp;(e=3),c+="&amp;script="+b(h),f&amp;&amp;h===window.location.href&amp;&amp;(f=document.documentElement.outerHTML.split("\n")[f],c+="&amp;cad="+b(f?f.substring(0,300):"No script found.")));google.ple&amp;&amp;google.ple===1&amp;&amp;(e=2);c+="&amp;jsel="+e;for(var v in d)c+="&amp;",c+=b(v),c+="=",c+=b(d[v]);c=c+"&amp;emsg="+b(a.name+": "+a.message);c=c+"&amp;jsst="+b(a.stack||"N/A");c.length&gt;=12288&amp;&amp;(c=c.substr(0,12288));a=c;n||google.log(0,"",a);return a};window.onerror=function(a,b,d,n,e){u!==a&amp;&amp;(a=e instanceof Error?e:Error(a),d===void 0||"lineNumber"in a||(a.lineNumber=d),b===void 0||"fileName"in a||(a.fileName=b),google.ml(a,!1,void 0,!1,a.name==="SyntaxError"||a.message.substring(0,11)==="SyntaxError"||a.message.indexOf("Script error")!==-1?3:p));u=null;r&amp;&amp;t&gt;=l&amp;&amp;(window.onerror=null)};})();&lt;/script&gt;&lt;/head&gt;&lt;body bgcolor="#fff"&gt;&lt;script nonce="Z2oWkp5QfWH5W93Moze3Lw"&gt;(function(){var src='/images/nav_logo229.png';var iesg=false;document.body.onload = function(){window.n &amp;&amp; window.n();if (document.images){new Image().src=src;}
if (!iesg){document.f&amp;&amp;document.f.q.focus();document.gbqf&amp;&amp;document.gbqf.q.focus();}
}
})();&lt;/script&gt;&lt;div id="mngb"&gt;&lt;div id=gbar&gt;&lt;nobr&gt;&lt;b class=gb1&gt;&amp;#3588;&amp;#3657;&amp;#3609;&amp;#3627;&amp;#3634;&lt;/b&gt; &lt;a class=gb1 href="https://www.google.com/imghp?hl=th&amp;tab=wi"&gt;&amp;#3588;&amp;#3657;&amp;#3609;&amp;#3619;&amp;#3641;&amp;#3611;&lt;/a&gt; &lt;a class=gb1 href="https://maps.google.co.th/maps?hl=th&amp;tab=wl"&gt;Maps&lt;/a&gt; &lt;a class=gb1 href="https://play.google.com/?hl=th&amp;tab=w8"&gt;Play&lt;/a&gt; &lt;a class=gb1 href="https://www.youtube.com/?tab=w1"&gt;YouTube&lt;/a&gt; &lt;a class=gb1 href="https://news.google.com/?tab=wn"&gt;&amp;#3586;&amp;#3656;&amp;#3634;&amp;#3623;&lt;/a&gt; &lt;a class=gb1 href="https://mail.google.com/mail/?tab=wm"&gt;Gmail&lt;/a&gt; &lt;a class=gb1 href="https://drive.google.com/?tab=wo"&gt;&amp;#3652;&amp;#3604;&amp;#3619;&amp;#3615;&amp;#3660;&lt;/a&gt; &lt;a class=gb1 style="text-decoration:none" href="https://www.google.co.th/intl/th/about/products?tab=wh"&gt;&lt;u&gt;&amp;#3629;&amp;#3639;&amp;#3656;&amp;#3609;&amp;#3654;&lt;/u&gt; &amp;raquo;&lt;/a&gt;&lt;/nobr&gt;&lt;/div&gt;&lt;div id=guser width=100%&gt;&lt;nobr&gt;&lt;span id=gbn class=gbi&gt;&lt;/span&gt;&lt;span id=gbf class=gbf&gt;&lt;/span&gt;&lt;span id=gbe&gt;&lt;/span&gt;&lt;a href="http://www.google.co.th/history/optout?hl=th" class=gb4&gt;&amp;#3611;&amp;#3619;&amp;#3632;&amp;#3623;&amp;#3633;&amp;#3605;&amp;#3636;&amp;#3648;&amp;#3623;&amp;#3655;&amp;#3610;&lt;/a&gt; | &lt;a  href="/preferences?hl=th" class=gb4&gt;&amp;#3585;&amp;#3634;&amp;#3619;&amp;#3605;&amp;#3633;&amp;#3657;&amp;#3591;&amp;#3588;&amp;#3656;&amp;#3634;&lt;/a&gt; | &lt;a target=_top id=gb_70 href="https://accounts.google.com/ServiceLogin?hl=th&amp;passive=true&amp;continue=https://www.google.com/&amp;ec=GAZAAQ" class=gb4&gt;&amp;#3648;&amp;#3586;&amp;#3657;&amp;#3634;&amp;#3626;&amp;#3641;&amp;#3656;&amp;#3619;&amp;#3632;&amp;#3610;&amp;#3610;&lt;/a&gt;&lt;/nobr&gt;&lt;/div&gt;&lt;div class=gbh style=left:0&gt;&lt;/div&gt;&lt;div class=gbh style=right:0&gt;&lt;/div&gt;&lt;/div&gt;&lt;center&gt;&lt;br clear="all" id="lgpd"&gt;&lt;div id="XjhHGf"&gt;&lt;img alt="Google" height="92" src="/images/branding/googlelogo/1x/googlelogo_white_background_color_272x92dp.png" style="padding:28px 0 14px" width="272" id="hplogo"&gt;&lt;br&gt;&lt;br&gt;&lt;/div&gt;&lt;form action="/search" name="f"&gt;&lt;table cellpadding="0" cellspacing="0"&gt;&lt;tr valign="top"&gt;&lt;td width="25%"&gt;&amp;nbsp;&lt;/td&gt;&lt;td align="center" nowrap=""&gt;&lt;input name="ie" value="ISO-8859-1" type="hidden"&gt;&lt;input value="th" name="hl" type="hidden"&gt;&lt;input name="source" type="hidden" value="hp"&gt;&lt;input name="biw" type="hidden"&gt;&lt;input name="bih" type="hidden"&gt;&lt;div class="ds" style="height:32px;margin:4px 0"&gt;&lt;div style="position:relative;zoom:1"&gt;&lt;input class="lst Ucigb" style="margin:0;padding:5px 8px 0 6px;vertical-align:top;color:#000;padding-right:38px" autocomplete="off" value="" title="&amp;#3588;&amp;#3657;&amp;#3609;&amp;#3627;&amp;#3634;&amp;#3604;&amp;#3657;&amp;#3623;&amp;#3618; Google" maxlength="2048" name="q" size="57"&gt;&lt;img src="/textinputassistant/tia.png" style="position:absolute;cursor:pointer;right:5px;top... (set the log level to DEBUG or TRACE to see the full content) 
 </msg>
<msg time="2025-02-15T14:16:12.800560" level="INFO">${response} = &lt;Response [200]&gt;</msg>
<var>${response}</var>
<arg>https://www.google.com</arg>
<doc>Sends a GET request.</doc>
<status status="PASS" start="2025-02-15T14:15:50.261073" elapsed="22.540464"/>
</kw>
<status status="PASS" start="2025-02-15T14:15:50.260076" elapsed="22.541461"/>
</test>
<test id="s1-t2" name="Quick Get Request With Parameters Test" line="8">
<kw name="GET" owner="RequestsLibrary">
<msg time="2025-02-15T14:16:35.284773" level="INFO">GET Request : url=https://www.google.com/search?query=ciao 
 path_url=/search?query=ciao 
 headers={'User-Agent': 'python-requests/2.32.3', 'Accept-Encoding': 'gzip, deflate', 'Accept': '*/*', 'Connection': 'keep-alive'} 
 body=None 
 </msg>
<msg time="2025-02-15T14:16:35.284773" level="INFO">GET Response : url=https://www.google.com/search?query=ciao 
 status=200, reason=OK 
 headers={'Content-Type': 'text/html; charset=ISO-8859-1', 'Content-Security-Policy': "object-src 'none';base-uri 'self';script-src 'nonce-zXpd47TgHp14CtcsI2ixPA' 'strict-dynamic' 'report-sample' 'unsafe-eval' 'unsafe-inline' https: http:;report-uri https://csp.withgoogle.com/csp/gws/xsrp", 'Accept-CH': 'Sec-CH-Prefers-Color-Scheme', 'P3P': 'CP="This is not a P3P policy! See g.co/p3phelp for more info."', 'Content-Encoding': 'gzip', 'Date': 'Sat, 15 Feb 2025 07:16:34 GMT', 'Server': 'gws', 'X-XSS-Protection': '0', 'X-Frame-Options': 'SAMEORIGIN', 'Expires': 'Sat, 15 Feb 2025 07:16:34 GMT', 'Cache-Control': 'private', 'Set-Cookie': 'AEC=AVcja2fJgxy7NBUOgJnfqmTN0k0tqEYzeMZ9csDCSFi_mh7MKzMf_37kng0; expires=Thu, 14-Aug-2025 07:16:34 GMT; path=/; domain=.google.com; Secure; HttpOnly; SameSite=lax, NID=521=xZEoQ7raEE12nRLk8ijEAsq1pvDLWXjC9UQSAMdMJv7y_fvrR8IZ2xvet2TMzdNidQzb0GyUDCF8dvNSHK1TOtCpwPm7QmY0-aJejPt42TF-d4UNCyLjQeBpTvjtU5Dm25pAmhvpMZ_Si7nsHY6GDLUxv-yiS9t4zZJ04R2i878gAiuQnM9USsYgP_s3B-oIFGiA5aDXcQ; expires=Sun, 17-Aug-2025 07:16:34 GMT; path=/; domain=.google.com; HttpOnly', 'Alt-Svc': 'h3=":443"; ma=2592000,h3-29=":443"; ma=2592000', 'Transfer-Encoding': 'chunked'} 
 body=&lt;!DOCTYPE html&gt;&lt;html lang="th"&gt;&lt;head&gt;&lt;title&gt;Google Search&lt;/title&gt;&lt;style&gt;body{background-color:#fff}&lt;/style&gt;&lt;/head&gt;&lt;body&gt;&lt;noscript&gt;&lt;style&gt;table,div,span,p{display:none}&lt;/style&gt;&lt;meta content="0;url=/httpservice/retry/enablejs?sei=Uj-wZ_KWM8nDkPIPjYqh2Ac" http-equiv="refresh"&gt;&lt;div style="display:block"&gt;&amp;#3585;&amp;#3619;&amp;#3640;&amp;#3603;&amp;#3634;&amp;#3588;&amp;#3621;&amp;#3636;&amp;#3585;&lt;a href="/httpservice/retry/enablejs?sei=Uj-wZ_KWM8nDkPIPjYqh2Ac"&gt;&amp;#3607;&amp;#3637;&amp;#3656;&amp;#3609;&amp;#3637;&amp;#3656;&lt;/a&gt;&amp;#3627;&amp;#3634;&amp;#3585;&amp;#3588;&amp;#3640;&amp;#3603;&amp;#3652;&amp;#3617;&amp;#3656;&lt;/div&gt;&lt;/noscript&gt;&lt;script nonce="zXpd47TgHp14CtcsI2ixPA"&gt;//# sourceMappingURL=data:application/json;charset=utf-8;base64,eyJ2ZXJzaW9uIjogMywic291cmNlcyI6WyIiXSwic291cmNlc0NvbnRlbnQiOlsiICJdLCJuYW1lcyI6WyJjbG9zdXJlRHluYW1pY0J1dHRvbiJdLCJtYXBwaW5ncyI6IkFBQUE7QUFBQTtBQUFBO0FBQUE7QUFBQTtBQUFBO0FBQUEifQ==
(function(){function Z(P){return P}var g=function(P,J,X,m,W,C,d,S,T,E,L,h){for(L=(h=68,67);;)try{if(h==95)break;else if(h==J)L=83,T=S.createPolicy(C,{createHTML:r,createScript:r,createScriptURL:r}),h=52;else{if(h==52)return L=67,T;if(h==68)T=d,S=A.trustedTypes,h=59;else if(h==78)h=A.console?X:52;else{if(h==m)return T;h==59?h=S&amp;&amp;S.createPolicy?J:m:h==P?(L=67,h=78):h==X&amp;&amp;(A.console[W](E.message),h=52)}}}catch(y){if(L==67)throw y;L==83&amp;&amp;(E=y,h=P)}},r=function(P){return Z.call(this,P)},A=this||self;(0,eval)(function(P,J){return(J=g(96,84,17,54,"error","ks",null))&amp;&amp;P.eval(J.createScript("1"))===1?function(X){return J.createScript(X)}:function(X){return""+X}}(A)(Array(Math.random()*7824|0).join("\n")+['//# sourceMappingURL=data:application/json;charset=utf-8;base64,eyJ2ZXJzaW9uIjogMywic291cmNlcyI6WyIiXSwic291cmNlc0NvbnRlbnQiOlsiICJdLCJuYW1lcyI6WyJjbG9zdXJlRHluYW1pY0J1dHRvbiJdLCJtYXBwaW5ncyI6IkFBQUE7QUFBQTtBQUFBO0FBQUE7QUFBQTtBQUFBO0FBQUEifQ==',
'(function(){/*',
'',
' Copyright Google LLC',
' SPDX-License-Identifier: Apache-2.0',
'*/',
'var k=function(h,J,P,X,L,T,S,Z,y,m,A,E,d,W,r){for(W=10;W!=74;)if(W==18)r=P in Js?Js[P]:Js[P]=h+P,W=54;else if(W==52)W=(J+3&amp;27)&gt;=3&amp;&amp;(J^37)&lt;16?1:63;else if(W==63)W=(J+6&amp;7)==3?39:97;else if(W==10)W=48;else if(W==97)W=(J+9^32)&gt;=J&amp;&amp;(J+6^29)&lt;J?91:92;else if(W==91)r=h&amp;&amp;h.parentNode?h.parentNode.removeChild(h):null,W=92;else if(W==54)W=J&lt;&lt;1&amp;15?52:3;else if(W==3){for(L in(Z=P,X).i){for(S=X.i[T=P,L];T&lt;S.length;T++)++Z,Xc(37,21,h,S[T]);delete X.i[X.BK--,L]}W=52}else if(W==1)d=function(){},S=void 0,T=Ll(h,function(C,g){for(g=68;g!=95;)g==59?(P&amp;&amp;S7(P),S=C,d(),d=void 0,g=95):g==68&amp;&amp;(g=d?59:95)},!!P),L=T[1],X=T[0],r={top:function(C,g,w,l,G,c,R){for(R=83;R!=54;)if(R==38)G=d,d=function(){(G(),S7)(c)},R=54;else if(R==83)c=function(){S(function(e){S7(function(){C(e)})},w)},R=78;else{if(R==53)return l=X(w),C&amp;&amp;C(l),l;R==78?R=g?17:53:R==17?R=S?58:38:R==58&amp;&amp;(c(),R=54)}},pe:function(C){L&amp;&amp;L(C)}},W=63;else if(W==48)W=((J^10)&amp;15)==1?18:54;else{if(W==92)return r;if(W==39){if(Z=X.A.i[String(L)]){for(y=(Z=Z.concat(),h),A=0;A&lt;Z.length;++A)(m=Z[A])&amp;&amp;!m.LT&amp;&amp;m.capture==T&amp;&amp;(S=m.bF||m.src,E=m.listener,m.vK&amp;&amp;t(m,17,0,X.A),y=E.call(S,P)!==false&amp;&amp;y);r=y&amp;&amp;!P.defaultPrevented}else r=h;W=97}}},Xc=function(h,J,P,X,L,T,S,Z,y){for(Z=84;Z!=29;)if(Z==25)this.clientX=T.clientX!==void 0?T.clientX:T.pageX,this.clientY=T.clientY!==void 0?T.clientY:T.pageY,this.screenX=T.screenX||0,this.screenY=T.screenY||0,Z=12;else if(Z==44)L=P.toElement,Z=33;else if(Z==72)L=P.fromElement,Z=33;else if(Z==74)Z=L?33:77;else if(Z==12)this.button=P.button,this.keyCode=P.keyCode||0,this.key=P.key||"",this.charCode=P.charCode||(S=="keypress"?P.keyCode:0),this.ctrlKey=P.ctrlKey,this.altKey=P.altKey,this.shiftKey=P.shiftKey,this.metaKey=P.metaKey,this.pointerId=P.pointerId||0,this.pointerType=P.pointerType,this.state=P.state,this.timeStamp=P.timeStamp,this.j=P,P.defaultPrevented&amp;&amp;Tr.K.preventDefault.call(this),Z=53;else if(Z==33)this.relatedTarget=L,Z=51;else if(Z==48)Z=(J^8)&gt;&gt;4?53:70;else if(Z==h)this.offsetX=P.offsetX,this.offsetY=P.offsetY,this.clientX=P.clientX!==void 0?P.clientX:P.pageX,this.clientY=P.clientY!==void 0?P.clientY:P.pageY,this.screenX=P.screenX||0,this.screenY=P.screenY||0,Z=12;else if(Z==51)Z=T?25:h;else if(Z==70)Zh.call(this,P?P.type:""),this.relatedTarget=this.currentTarget=this.target=null,this.button=this.screenY=this.screenX=this.clientY=this.clientX=this.offsetY=this.offsetX=0,this.key="",this.charCode=this.keyCode=0,this.metaKey=this.shiftKey=this.altKey=this.ctrlKey=false,this.state=null,this.pointerId=0,this.pointerType="",this.timeStamp=0,this.j=null,Z=45;else if(Z==71)S=this.type=P.type,T=P.changedTouches&amp;&amp;P.changedTouches.length?P.changedTouches[0]:null,this.target=P.target||P.srcElement,this.currentTarget=X,L=P.relatedTarget,Z=74;else{if(Z==11)return y;Z==77?Z=S=="mouseover"?72:36:Z==36?Z=S=="mouseout"?44:33:Z==45?Z=P?71:53:Z==54?(this.X=P,Z=11):Z==84?Z=48:Z==35?(X.LT=P,X.listener=null,X.proxy=null,X.src=null,X.bF=null,Z=82):Z==53?Z=(J-4&amp;7)==1?35:82:Z==82&amp;&amp;(Z=J-5&lt;&lt;2&gt;=J&amp;&amp;(J+5^15)&lt;J?54:11)}},yh=function(h,J,P,X,L,T,S,Z,y,m){for(y=h;y!=7;)if(y==48){for(Z in S=((Array.prototype.forEach.call(f(6,"",(T={},X)),function(A){T[A]=true}),Array.prototype.forEach).call(L,function(A){T[A]=true}),""),T)S+=S.length&gt;0?" "+Z:Z;V(X,26,"string",S),y=45}else if(y==82)y=93;else if(y==92)y=(P+3&amp;44)&gt;=P&amp;&amp;(P-2^17)&lt;P?59:45;else if(y==86)Array.prototype.forEach.call(L,function(A,E,d){for(d=92;d!=46;)d==92?d=X.classList?44:27:d==70?(E=mx("",21,J,X),V(X,20,"string",E+(E.length&gt;0?" "+A:A)),d=46):d==44?(X.classList.add(A),d=46):d==27&amp;&amp;(d=(X.classList?X.classList.contains(A):En(83,1,A,f(9,"",X)))?46:70)}),y=45;else{if(y==93)return m;y==45?y=(P&amp;11)==P?82:93:y==59?y=X.classList?86:48:y==h&amp;&amp;(y=92)}},V=function(h,J,P,X,L,T,S){for(T=41;T!=14;)if(T==5)T=J-4&gt;&gt;4?98:88;else if(T==41)T=76;else{if(T==98)return S;T==88?(S=!!(L=h.xK,2*(L|P)-(L|X)+~L-~X),T=98):T==96?(typeof h.className==P?h.className=X:h.setAttribute&amp;&amp;h.setAttribute("class",X),T=5):T==76&amp;&amp;(T=(J-9&amp;4)&lt;3&amp;&amp;(J^5)&gt;&gt;3&gt;=0?96:5)}},As=function(h,J,P,X,L,T,S,Z,y,m,A,E){for(E=47;E!=21;)if(E==60)E=(P|4)&gt;=0&amp;&amp;(P^16)&gt;&gt;4&lt;h?18:7;else if(E==34)E=(P^38)&gt;&gt;3&gt;=0&amp;&amp;((P|h)&amp;8)&lt;1?40:60;else if(E==18)Z=S.length,m=typeof S==="string"?S.split(X):S,y=L,E=14;else if(E==51)y in m&amp;&amp;T.call(void 0,m[y],y,S),E=J;else if(E==33)E=y&lt;Z?51:7;else if(E==J)y++,E=33;else if(E==47)E=34;else if(E==14)E=33;else{if(E==7)return A;E==40&amp;&amp;(this.src=X,this.i={},this.BK=0,E=60)}},zr=function(h,J,P,X,L,T,S,Z,y,m,A,E,d,W){for(A=82,E=59;;)try{if(A==56)break;else if(A==1)this[this+""]=this,d=Promise.resolve(),A=99;else if(A==9)A=h-3&gt;&gt;4?87:66;else if(A==23)T.o=null,Z=T.Z.pop(),A=43;else if(A==43)E=30,m=Wf(Z,P,T,X),A=47;else if(A==18)E=59,Cl(68,J,W,T),A=47;else if(A==66)X.oO(function(r){L=r},J,P),d=L,A=87;else if(A==53)A=T.Z.length?23:48;else if(A==86)A=(h-1^28)&gt;=h&amp;&amp;(h+5^11)&lt;h?1:99;else if(A==99)A=(h+7&amp;29)&lt;h&amp;&amp;(h-3^7)&gt;=h?45:9;else if(A==13)u.call(this,J,P||dF.Dh(),X),A=86;else if(A==75)A=S&amp;&amp;T.o?64:85;else if(A==45)A=53;else if(A==2)A=h-4&gt;&gt;3==2?13:86;else if(A==64)y=T.o,y(function(){U(5,L,T,X,X)}),A=48;else if(A==82)A=2;else if(A==85)A=53;else{if(A==87)return d;A==47?(E=59,A=75):A==48&amp;&amp;(d=m,A=9)}}catch(r){if(E==59)throw r;E==30&amp;&amp;(W=r,A=18)}},la=function(h,J,P,X,L,T,S,Z,y,m,A,E){return(P-3^30)&gt;=P&amp;&amp;(P-5^8)&lt;P&amp;&amp;(m=sn,Z=S&amp;7,L=[-24,-41,-16,-34,-22,-71,L,1,11,-26],y=wF[T.U](T.Kr),y[T.U]=function(d){A=(Z+=6+7*S,Z&amp;=7,d)},y.concat=function(d,W,r,C,g){return(A=(C=(d=(W=X%16+1,+(m()|h)*W-W*A)+2*X*X*W- -2378*X*A+L[g=Z+75,(g|h)- -1+(~g^7)+(~g&amp;7)]*X*W- -3886*A+Z+58*A*A-116*X*X*A,L[d]),void 0),L)[(r=Z+J,7-(~r&amp;7))+((S|h)- -1+(~S|2))]=C,L[Z+(-(S|2)+-2-~S- -3)]=-41,C},E=y),(P+1&amp;59)&gt;=P&amp;&amp;(P+6^24)&lt;P&amp;&amp;(X=wF[h.U](h.bP),X[h.U]=function(){return J},X.concat=function(d){J=d},E=X),E},ts=function(h,J,P,X,L,T,S,Z,y,m,A){for(A=17;A!=22;)if(A==45)A=(X-6|34)&lt;X&amp;&amp;(X+8^21)&gt;=X?36:72;else{if(A==51)return m;if(A==30)P.classList?Array.prototype.forEach.call(L,function(E){Cl(5,1,h,"string",J,E,P)}):V(P,25,"string",Array.prototype.filter.call(f(3,J,P),function(E){return!En(81,1,E,L)}).join(h)),A=51;else if(A==36){a:{switch(Z){case S:m=y?"disable":"enable";break a;case 2:m=y?"highlight":"unhighlight";break a;case 4:m=y?"activate":"deactivate";break a;case P:m=y?"select":"unselect";break a;case L:m=y?"check":"uncheck";break a;case 32:m=y?"focus":"blur";break a;case T:m=y?"open":"close";break a}throw Error("Invalid component state");}A=72}else A==17?A=45:A==72&amp;&amp;(A=X+2&gt;&gt;3==1?30:51)}},Gr=function(h,J,P,X,L,T,S){for(L=16;L!=6;)if(L==58)this.ra=F.document||document,L=36;else if(L==97)L=(J|48)==J?58:36;else if(L==h)this.type=P,this.currentTarget=this.target=X,this.defaultPrevented=this.KT=false,L=70;else if(L==75)L=97;else if(L==70)L=(J|4)&gt;&gt;3==3?75:97;else{if(L==56)return S;L==16?L=35:L==35?L=((J|1)&amp;15)==3?h:70:L==36?L=(J|72)==J?44:56:L==44&amp;&amp;(T=function(Z){return P.call(T.src,T.listener,Z)},P=RK,S=T,L=56)}},K=function(h,J,P,X,L,T,S,Z,y,m,A,E,d,W,r){for(r=76;r!=33;){if(r==94)throw Error("Invalid event type");if(r==18)fl||(T=d),T===void 0&amp;&amp;(T=P),L.addEventListener(y.toString(),m,T),r=84;else if(r==15)d=U(29,J,T)?!!T.capture:!!T,(A=mx(L,12))||(L[Vh]=A=new vf(L)),E=A.add(y,S,Z,d,X),r=14;else if(r==17)this.ga=this.ga,this.Y=this.Y,r=75;else if(r==80)L.attachEvent(k("on",27,y.toString()),m),r=84;else if(r==13)m=Gr(87,72),E.proxy=m,m.src=L,m.listener=E,r=39;else if(r==81)r=((h^13)&amp;15)==3?77:44;else{if(r==55)throw Error("addEventListener and attachEvent are unavailable.");if(r==84)cf++,r=44;else if(r==89)X.Z.splice(J,J,P),r=74;else if(r==79){a:{for(S=(Z=[J==typeof globalThis&amp;&amp;globalThis,L,J==typeof window&amp;&amp;window,J==typeof self&amp;&amp;self,J==typeof global&amp;&amp;global],P);S&lt;Z.length;++S)if((T=Z[S])&amp;&amp;T[X]==Math){W=T;break a}throw Error("Cannot find global object");}r=57}else if(r==57)r=((h^22)&amp;15)==3?89:74;else if(r==7)r=L.attachEvent?80:6;else if(r==58)L.addListener(m),r=84;else if(r==6)r=L.addListener&amp;&amp;L.removeListener?58:55;else if(r==75)r=h-9&gt;&gt;3&gt;=1&amp;&amp;(h&lt;&lt;1&amp;14)&lt;6?79:57;else if(r==77)r=y?15:94;else if(r==14)r=E.proxy?44:13;else if(r==39)r=L.addEventListener?18:7;else{if(r==74)return W;r==44?r=((h|1)&amp;14)==2?17:75:r==76&amp;&amp;(r=81)}}}},oK=function(h,J,P,X,L,T,S,Z,y,m,A,E){for(A=14;A!=56;)if(A==46)P(function(d){d(... (set the log level to DEBUG or TRACE to see the full content) 
 </msg>
<msg time="2025-02-15T14:16:35.285780" level="INFO">${response} = &lt;Response [200]&gt;</msg>
<var>${response}</var>
<arg>https://www.google.com/search</arg>
<arg>params=query=ciao</arg>
<arg>expected_status=200</arg>
<doc>Sends a GET request.</doc>
<status status="PASS" start="2025-02-15T14:16:12.803317" elapsed="22.482463"/>
</kw>
<status status="PASS" start="2025-02-15T14:16:12.802543" elapsed="22.483237"/>
</test>
<status status="PASS" start="2025-02-15T14:15:49.946070" elapsed="45.340696"/>
</suite>
<statistics>
<total>
<stat pass="2" fail="0" skip="0">All Tests</stat>
</total>
<tag>
</tag>
<suite>
<stat name="Test Example" id="s1" pass="2" fail="0" skip="0">Test Example</stat>
</suite>
</statistics>
<errors>
<msg time="2025-02-15T14:15:49.943071" level="ERROR">Taking listener 'allure_robotframework.AllureListener' into use failed: Importing listener 'allure_robotframework.AllureListener' failed: ModuleNotFoundError: No module named 'allure_robotframework'
Traceback (most recent call last):
  None
PYTHONPATH:
  C:\Users\flame\AppData\Local\Programs\Python\Python312\Scripts\robot.exe
  C:\Users\flame\AppData\Local\Programs\Python\Python312\python312.zip
  C:\Users\flame\AppData\Local\Programs\Python\Python312\DLLs
  C:\Users\flame\AppData\Local\Programs\Python\Python312\Lib
  C:\Users\flame\AppData\Local\Programs\Python\Python312
  C:\Users\flame\AppData\Local\Programs\Python\Python312\Lib\site-packages</msg>
</errors>
</robot>
