<?xml version="1.0" encoding="UTF-8"?>
<robot generator="Robot 7.2.2 (Python 3.12.1 on win32)" generated="2025-02-15T14:01:04.499410" rpa="false" schemaversion="5">
<suite id="s1" name="Robot Docker" source="C:\Users\flame\OneDrive\เอกสาร\docker\robot_docker">
<suite id="s1-s1" name="Robotframework" source="C:\Users\flame\OneDrive\เอกสาร\docker\robot_docker\robotframework">
<suite id="s1-s1-s1" name="Tests" source="C:\Users\flame\OneDrive\เอกสาร\docker\robot_docker\robotframework\tests">
<suite id="s1-s1-s1-s1" name="Test Example" source="C:\Users\flame\OneDrive\เอกสาร\docker\robot_docker\robotframework\tests\test_example.robot">
<test id="s1-s1-s1-s1-t1" name="Example Test" line="5">
<kw name="GET" owner="RequestsLibrary">
<msg time="2025-02-15T14:01:26.537769" level="INFO">GET Request : url=https://www.google.com/ 
 path_url=/ 
 headers={'User-Agent': 'python-requests/2.32.3', 'Accept-Encoding': 'gzip, deflate', 'Accept': '*/*', 'Connection': 'keep-alive'} 
 body=None 
 </msg>
<msg time="2025-02-15T14:01:26.537769" level="INFO">GET Response : url=https://www.google.com/ 
 status=200, reason=OK 
 headers={'Date': 'Sat, 15 Feb 2025 07:01:26 GMT', 'Expires': '-1', 'Cache-Control': 'private, max-age=0', 'Content-Type': 'text/html; charset=ISO-8859-1', 'Content-Security-Policy-Report-Only': "object-src 'none';base-uri 'self';script-src 'nonce-0EZn2t-RtVrEj4K1ReTW7g' 'strict-dynamic' 'report-sample' 'unsafe-eval' 'unsafe-inline' https: http:;report-uri https://csp.withgoogle.com/csp/gws/other-hp", 'Accept-CH': 'Sec-CH-Prefers-Color-Scheme', 'P3P': 'CP="This is not a P3P policy! See g.co/p3phelp for more info."', 'Content-Encoding': 'gzip', 'Server': 'gws', 'X-XSS-Protection': '0', 'X-Frame-Options': 'SAMEORIGIN', 'Set-Cookie': 'AEC=AVcja2d2N6pkbjjDKCyayx27h4eff_Xi_qGDIBeyqxYvXaF4fekDr1roQQ; expires=Thu, 14-Aug-2025 07:01:26 GMT; path=/; domain=.google.com; Secure; HttpOnly; SameSite=lax, NID=521=nFpzSvKhFLpGDBlcp0qRBHFvi1ufUfcb_qIkozgCw1m9PsLUtvWXsGEFvEAJXZtdx8gKFzaYoAq-C5uIXWda36p43JKGwQGuio-nlnHKzjpXsvtJ6yZMVe2GdZX_u3MCu4HfFsiTQnGSlnAL1aaLSiJaw7EQqQcGAD1zZPLIMisjQ3OI0apqh1ruOf_6eyFsYJDyKuN0_HNh; expires=Sun, 17-Aug-2025 07:01:26 GMT; path=/; domain=.google.com; HttpOnly', 'Alt-Svc': 'h3=":443"; ma=2592000,h3-29=":443"; ma=2592000', 'Transfer-Encoding': 'chunked'} 
 body=&lt;!doctype html&gt;&lt;html itemscope="" itemtype="http://schema.org/WebPage" lang="th"&gt;&lt;head&gt;&lt;meta content="text/html; charset=UTF-8" http-equiv="Content-Type"&gt;&lt;meta content="/images/branding/googleg/1x/googleg_standard_color_128dp.png" itemprop="image"&gt;&lt;title&gt;Google&lt;/title&gt;&lt;script nonce="0EZn2t-RtVrEj4K1ReTW7g"&gt;(function(){var _g={kEI:'xjuwZ7iNDZ3K1sQP1MqRmAk',kEXPI:'0,793110,2907147,692,435,538661,2872,2891,43028,46127,344796,94242,117809,7762,27506,11814,30911,5241523,8835158,9,7437695,16496230,29272390,11731,100393,94,10885,15165,8181,14387,14459,20584,21666,6758,23879,9138,740,2,2,2333,1523,328,6225,34311,19898,9956,1346,13703,15634,14521,6781,33,4669,4372,12505,2,5160,10672,21339,2990,1496,3854,41,13639,1,1442,5299,4106,303,2314,1834,901,2,5729,13098,2,1870,2149,758,3856,5773,4311,2371,1265,738,4381,1965,1621,144,10816,825,923,2,1920,535,6876,2837,2606,243,3018,43,416,1938,258,335,35,1514,1906,714,639,2,762,365,1275,55,806,218,1,213,618,80,138,1,2058,802,926,529,3282,205,364,918,366,966,1343,599,54,7,350,8,875,843,1122,65,1273,537,2,1219,429,2,206,354,656,388,139,3,1115,2109,719,644,7,828,6,506,2105,822,371,15,360,734,303,3,2,1,2,2,2,3,638,347,458,214,91,92,66,1,7,55,751,601,1040,390,497,11,2,366,770,1189,399,65,228,513,93,1022,125,85,22,231,293,818,543,726,317,386,23,189,8,38,356,87,1980,72,395,192,487,49,70,264,391,43,698,21,8,58,402,229,241,8,3,587,55,279,728,413,11,165,760,92,508,21,172,492,7,30,412,69,575,133,109,92,8,26,279,206,112,9,430,291,683,152,24,856,185,267,2385,95,9,247,1012,394,310,21353270,18,2010,48,2482,8,3873,12,8024112',kBL:'cgdl',kOPI:89978449};(function(){var a;((a=window.google)==null?0:a.stvsc)?google.kEI=_g.kEI:window.google=_g;}).call(this);})();(function(){google.sn='webhp';google.kHL='th';})();(function(){
var g=this||self;function k(){return window.google&amp;&amp;window.google.kOPI||null};var l,m=[];function n(a){for(var b;a&amp;&amp;(!a.getAttribute||!(b=a.getAttribute("eid")));)a=a.parentNode;return b||l}function p(a){for(var b=null;a&amp;&amp;(!a.getAttribute||!(b=a.getAttribute("leid")));)a=a.parentNode;return b}function q(a){/^http:/i.test(a)&amp;&amp;window.location.protocol==="https:"&amp;&amp;(google.ml&amp;&amp;google.ml(Error("a"),!1,{src:a,glmm:1}),a="");return a}
function r(a,b,d,c,h){var e="";b.search("&amp;ei=")===-1&amp;&amp;(e="&amp;ei="+n(c),b.search("&amp;lei=")===-1&amp;&amp;(c=p(c))&amp;&amp;(e+="&amp;lei="+c));var f=b.search("&amp;cshid=")===-1&amp;&amp;a!=="slh";c="&amp;zx="+Date.now().toString();g._cshid&amp;&amp;f&amp;&amp;(c+="&amp;cshid="+g._cshid);(d=d())&amp;&amp;(c+="&amp;opi="+d);return"/"+(h||"gen_204")+"?atyp=i&amp;ct="+String(a)+"&amp;cad="+(b+e+c)};l=google.kEI;google.getEI=n;google.getLEI=p;google.ml=function(){return null};google.log=function(a,b,d,c,h,e){e=e===void 0?k:e;d||(d=r(a,b,e,c,h));if(d=q(d)){a=new Image;var f=m.length;m[f]=a;a.onerror=a.onload=a.onabort=function(){delete m[f]};a.src=d}};google.logUrl=function(a,b){b=b===void 0?k:b;return r("",a,b)};}).call(this);(function(){google.y={};google.sy=[];var d;(d=google).x||(d.x=function(a,b){if(a)var c=a.id;else{do c=Math.random();while(google.y[c])}google.y[c]=[a,b];return!1});var e;(e=google).sx||(e.sx=function(a){google.sy.push(a)});google.lm=[];var f;(f=google).plm||(f.plm=function(a){google.lm.push.apply(google.lm,a)});google.lq=[];var g;(g=google).load||(g.load=function(a,b,c){google.lq.push([[a],b,c])});var h;(h=google).loadAll||(h.loadAll=function(a,b){google.lq.push([a,b])});google.bx=!1;var k;(k=google).lx||(k.lx=function(){});var l=[],m;(m=google).fce||(m.fce=function(a,b,c,n){l.push([a,b,c,n])});google.qce=l;}).call(this);google.f={};(function(){
document.documentElement.addEventListener("submit",function(b){var a;if(a=b.target){var c=a.getAttribute("data-submitfalse");a=c==="1"||c==="q"&amp;&amp;!a.elements.q.value?!0:!1}else a=!1;a&amp;&amp;(b.preventDefault(),b.stopPropagation())},!0);document.documentElement.addEventListener("click",function(b){var a;a:{for(a=b.target;a&amp;&amp;a!==document.documentElement;a=a.parentElement)if(a.tagName==="A"){a=a.getAttribute("data-nohref")==="1";break a}a=!1}a&amp;&amp;b.preventDefault()},!0);}).call(this);&lt;/script&gt;&lt;style&gt;#gbar,#guser{font-size:13px;padding-top:1px !important;}#gbar{height:22px}#guser{padding-bottom:7px !important;text-align:right}.gbh,.gbd{border-top:1px solid #c9d7f1;font-size:1px}.gbh{height:0;position:absolute;top:24px;width:100%}@media all{.gb1{height:22px;margin-right:.5em;vertical-align:top}#gbar{float:left}}a.gb1,a.gb4{text-decoration:underline !important}a.gb1,a.gb4{color:#00c !important}.gbi .gb4{color:#dd8e27 !important}.gbf .gb4{color:#900 !important}
&lt;/style&gt;&lt;style&gt;body,td,a,p,.h{font-family:sans-serif}body{margin:0;overflow-y:scroll}#gog{padding:3px 8px 0}td{line-height:.8em}.gac_m td{line-height:17px}form{margin-bottom:20px}.h{color:#1967d2}em{color:#c5221f;font-style:normal;font-weight:normal}a em{text-decoration:underline}.lst{height:25px;width:496px}.gsfi,.lst{font:18px sans-serif}.gsfs{font:17px sans-serif}.ds{display:inline-box;display:inline-block;margin:3px 0 4px;margin-left:4px}input{font-family:inherit}body{background:#fff;color:#000}a{color:#681da8;text-decoration:none}a:hover,a:active{text-decoration:underline}.fl a{color:#1967d2}a:visited{color:#681da8}.sblc{padding-top:5px}.sblc a{display:block;margin:2px 0;margin-left:13px;font-size:11px}.lsbb{background:#f8f9fa;border:solid 1px;border-color:#dadce0 #70757a #70757a #dadce0;height:30px}.lsbb{display:block}#WqQANb a{display:inline-block;margin:0 12px}.lsb{background:url(/images/nav_logo229.png) 0 -261px repeat-x;color:#000;border:none;cursor:pointer;height:30px;margin:0;outline:0;font:15px sans-serif;vertical-align:top}.lsb:active{background:#dadce0}.lst:focus{outline:none}.Ucigb{width:458px}&lt;/style&gt;&lt;script nonce="0EZn2t-RtVrEj4K1ReTW7g"&gt;(function(){window.google.erd={jsr:1,bv:2167,de:true,dpf:'QR3FTOll4QXUaysjFWIE2zIgveOVDOYy8LNRola7iL0'};
var g=this||self;var k,l=(k=g.mei)!=null?k:1,m,p=(m=g.diel)!=null?m:0,q,r=(q=g.sdo)!=null?q:!0,t=0,u,w=google.erd,x=w.jsr;google.ml=function(a,b,d,n,e){e=e===void 0?2:e;b&amp;&amp;(u=a&amp;&amp;a.message);d===void 0&amp;&amp;(d={});d.cad="ple_"+google.ple+".aple_"+google.aple;if(google.dl)return google.dl(a,e,d,!0),null;b=d;if(x&lt;0){window.console&amp;&amp;console.error(a,b);if(x===-2)throw a;b=!1}else b=!a||!a.message||a.message==="Error loading script"||t&gt;=l&amp;&amp;!n?!1:!0;if(!b)return null;t++;d=d||{};b=encodeURIComponent;var c="/gen_204?atyp=i&amp;ei="+b(google.kEI);google.kEXPI&amp;&amp;(c+="&amp;jexpid="+b(google.kEXPI));c+="&amp;srcpg="+b(google.sn)+"&amp;jsr="+b(w.jsr)+
"&amp;bver="+b(w.bv);w.dpf&amp;&amp;(c+="&amp;dpf="+b(w.dpf));var f=a.lineNumber;f!==void 0&amp;&amp;(c+="&amp;line="+f);var h=a.fileName;h&amp;&amp;(h.indexOf("-extension:/")&gt;0&amp;&amp;(e=3),c+="&amp;script="+b(h),f&amp;&amp;h===window.location.href&amp;&amp;(f=document.documentElement.outerHTML.split("\n")[f],c+="&amp;cad="+b(f?f.substring(0,300):"No script found.")));google.ple&amp;&amp;google.ple===1&amp;&amp;(e=2);c+="&amp;jsel="+e;for(var v in d)c+="&amp;",c+=b(v),c+="=",c+=b(d[v]);c=c+"&amp;emsg="+b(a.name+": "+a.message);c=c+"&amp;jsst="+b(a.stack||"N/A");c.length&gt;=12288&amp;&amp;(c=c.substr(0,12288));a=c;n||google.log(0,"",a);return a};window.onerror=function(a,b,d,n,e){u!==a&amp;&amp;(a=e instanceof Error?e:Error(a),d===void 0||"lineNumber"in a||(a.lineNumber=d),b===void 0||"fileName"in a||(a.fileName=b),google.ml(a,!1,void 0,!1,a.name==="SyntaxError"||a.message.substring(0,11)==="SyntaxError"||a.message.indexOf("Script error")!==-1?3:p));u=null;r&amp;&amp;t&gt;=l&amp;&amp;(window.onerror=null)};})();&lt;/script&gt;&lt;/head&gt;&lt;body bgcolor="#fff"&gt;&lt;script nonce="0EZn2t-RtVrEj4K1ReTW7g"&gt;(function(){var src='/images/nav_logo229.png';var iesg=false;document.body.onload = function(){window.n &amp;&amp; window.n();if (document.images){new Image().src=src;}
if (!iesg){document.f&amp;&amp;document.f.q.focus();document.gbqf&amp;&amp;document.gbqf.q.focus();}
}
})();&lt;/script&gt;&lt;div id="mngb"&gt;&lt;div id=gbar&gt;&lt;nobr&gt;&lt;b class=gb1&gt;&amp;#3588;&amp;#3657;&amp;#3609;&amp;#3627;&amp;#3634;&lt;/b&gt; &lt;a class=gb1 href="https://www.google.com/imghp?hl=th&amp;tab=wi"&gt;&amp;#3588;&amp;#3657;&amp;#3609;&amp;#3619;&amp;#3641;&amp;#3611;&lt;/a&gt; &lt;a class=gb1 href="https://maps.google.co.th/maps?hl=th&amp;tab=wl"&gt;Maps&lt;/a&gt; &lt;a class=gb1 href="https://play.google.com/?hl=th&amp;tab=w8"&gt;Play&lt;/a&gt; &lt;a class=gb1 href="https://www.youtube.com/?tab=w1"&gt;YouTube&lt;/a&gt; &lt;a class=gb1 href="https://news.google.com/?tab=wn"&gt;&amp;#3586;&amp;#3656;&amp;#3634;&amp;#3623;&lt;/a&gt; &lt;a class=gb1 href="https://mail.google.com/mail/?tab=wm"&gt;Gmail&lt;/a&gt; &lt;a class=gb1 href="https://drive.google.com/?tab=wo"&gt;&amp;#3652;&amp;#3604;&amp;#3619;&amp;#3615;&amp;#3660;&lt;/a&gt; &lt;a class=gb1 style="text-decoration:none" href="https://www.google.co.th/intl/th/about/products?tab=wh"&gt;&lt;u&gt;&amp;#3629;&amp;#3639;&amp;#3656;&amp;#3609;&amp;#3654;&lt;/u&gt; &amp;raquo;&lt;/a&gt;&lt;/nobr&gt;&lt;/div&gt;&lt;div id=guser width=100%&gt;&lt;nobr&gt;&lt;span id=gbn class=gbi&gt;&lt;/span&gt;&lt;span id=gbf class=gbf&gt;&lt;/span&gt;&lt;span id=gbe&gt;&lt;/span&gt;&lt;a href="http://www.google.co.th/history/optout?hl=th" class=gb4&gt;&amp;#3611;&amp;#3619;&amp;#3632;&amp;#3623;&amp;#3633;&amp;#3605;&amp;#3636;&amp;#3648;&amp;#3623;&amp;#3655;&amp;#3610;&lt;/a&gt; | &lt;a  href="/preferences?hl=th" class=gb4&gt;&amp;#3585;&amp;#3634;&amp;#3619;&amp;#3605;&amp;#3633;&amp;#3657;&amp;#3591;&amp;#3588;&amp;#3656;&amp;#3634;&lt;/a&gt; | &lt;a target=_top id=gb_70 href="https://accounts.google.com/ServiceLogin?hl=th&amp;passive=true&amp;continue=https://www.google.com/&amp;ec=GAZAAQ" class=gb4&gt;&amp;#3648;&amp;#3586;&amp;#3657;&amp;#3634;&amp;#3626;&amp;#3641;&amp;#3656;&amp;#3619;&amp;#3632;&amp;#3610;&amp;#3610;&lt;/a&gt;&lt;/nobr&gt;&lt;/div&gt;&lt;div class=gbh style=left:0&gt;&lt;/div&gt;&lt;div class=gbh style=right:0&gt;&lt;/div&gt;&lt;/div&gt;&lt;center&gt;&lt;br clear="all" id="lgpd"&gt;&lt;div id="XjhHGf"&gt;&lt;img alt="Google" height="92" src="/images/branding/googlelogo/1x/googlelogo_white_background_color_272x92dp.png" style="padding:28px 0 14px" width="272" id="hplogo"&gt;&lt;br&gt;&lt;br&gt;&lt;/div&gt;&lt;form action="/search" name="f"&gt;&lt;table cellpadding="0" cellspacing="0"&gt;&lt;tr valign="top"&gt;&lt;td width="25%"&gt;&amp;nbsp;&lt;/td&gt;&lt;td align="center" nowrap=""&gt;&lt;input name="ie" value="ISO-8859-1" type="hidden"&gt;&lt;input value="th" name="hl" type="hidden"&gt;&lt;input name="source" type="hidden" value="hp"&gt;&lt;input name="biw" type="hidden"&gt;&lt;input name="bih" type="hidden"&gt;&lt;div class="ds" style="height:32px;margin:4px 0"&gt;&lt;div style="position:relative;zoom:1"&gt;&lt;input class="lst Ucigb" style="margin:0;padding:5px 8px 0 6px;vertical-align:top;color:#000;padding-right:38px" autocomplete="off" value="" title="&amp;#3588;&amp;#3657;&amp;#3609;&amp;#3627;&amp;#3634;&amp;#3604;&amp;#3657;&amp;#3623;&amp;#3618; Google" maxlength="20... (set the log level to DEBUG or TRACE to see the full content) 
 </msg>
<msg time="2025-02-15T14:01:26.539777" level="INFO">${response} = &lt;Response [200]&gt;</msg>
<var>${response}</var>
<arg>https://www.google.com</arg>
<doc>Sends a GET request.</doc>
<status status="PASS" start="2025-02-15T14:01:04.972802" elapsed="21.566975"/>
</kw>
<status status="PASS" start="2025-02-15T14:01:04.970799" elapsed="21.568978"/>
</test>
<status status="PASS" start="2025-02-15T14:01:04.550724" elapsed="21.991058"/>
</suite>
<status status="PASS" start="2025-02-15T14:01:04.546253" elapsed="21.996528"/>
</suite>
<status status="PASS" start="2025-02-15T14:01:04.539904" elapsed="22.002877"/>
</suite>
<status status="PASS" start="2025-02-15T14:01:04.506905" elapsed="22.036878"/>
</suite>
<statistics>
<total>
<stat pass="1" fail="0" skip="0">All Tests</stat>
</total>
<tag>
</tag>
<suite>
<stat name="Robot Docker" id="s1" pass="1" fail="0" skip="0">Robot Docker</stat>
<stat name="Robotframework" id="s1-s1" pass="1" fail="0" skip="0">Robot Docker.Robotframework</stat>
<stat name="Tests" id="s1-s1-s1" pass="1" fail="0" skip="0">Robot Docker.Robotframework.Tests</stat>
<stat name="Test Example" id="s1-s1-s1-s1" pass="1" fail="0" skip="0">Robot Docker.Robotframework.Tests.Test Example</stat>
</suite>
</statistics>
<errors>
</errors>
</robot>
